<?xml version="1.0" encoding="UTF-8"?>
<testsuite xmlns:xsi="http://www.w3.org/2001/XMLSchema-instance" xsi:noNamespaceSchemaLocation="https://maven.apache.org/surefire/maven-surefire-plugin/xsd/surefire-test-report-3.0.xsd" version="3.0" name="ar.edu.itba.cleancode.ResilientBackend.ResilientBackendApplicationTests" time="18.355" tests="1" errors="0" skipped="0" failures="0">
  <properties>
[...]
</properties>
  <testcase name="contextLoads" classname="ar.edu.itba.cleancode.ResilientBackend.ResilientBackendApplicationTests" time="5.476">
    <system-out><![CDATA[11:36:26.515 [main] INFO org.springframework.test.context.support.AnnotationConfigContextLoaderUtils -- Could not detect default configuration classes for test class [ar.edu.itba.cleancode.ResilientBackend.ResilientBackendApplicationTests]: ResilientBackendApplicationTests does not declare any static, non-private, non-final, nested classes annotated with @Configuration.
11:36:27.631 [main] INFO org.springframework.boot.test.context.SpringBootTestContextBootstrapper -- Found @SpringBootConfiguration ar.edu.itba.cleancode.ResilientBackend.ResilientBackendApplication for test class ar.edu.itba.cleancode.ResilientBackend.ResilientBackendApplicationTests

  .   ____          _            __ _ _
 /\\ / ___'_ __ _ _(_)_ __  __ _ \ \ \ \
( ( )\___ | '_ | '_| | '_ \/ _` | \ \ \ \
 \\/  ___)| |_)| | | | | || (_| |  ) ) ) )
  '  |____| .__|_| |_|_| |_\__, | / / / /
 =========|_|==============|___/=/_/_/_/
 :: Spring Boot ::                (v3.2.1)

2023-12-24T11:36:30.086-03:00  INFO 18812 --- [           main] e.i.c.R.ResilientBackendApplicationTests : Starting ResilientBackendApplicationTests using Java 17.0.9 with PID 18812 (started by Lucas in C:\Users\Lucas\Documents\Facultad\ITBA\Clean Code\ResilientBackend)
2023-12-24T11:36:30.090-03:00  INFO 18812 --- [           main] e.i.c.R.ResilientBackendApplicationTests : No active profile set, falling back to 1 default profile: "default"
2023-12-24T11:36:34.007-03:00  INFO 18812 --- [           main] o.s.cloud.context.scope.GenericScope     : BeanFactory id=f421ca26-8714-3bea-8d3a-975cd78048e3
2023-12-24T11:36:37.290-03:00  INFO 18812 --- [           main] e.i.c.R.ResilientBackendApplicationTests : Started ResilientBackendApplicationTests in 8.983 seconds (process running for 29.856)
]]></system-out>
  </testcase>
</testsuite>